<?xml version="1.0" encoding="UTF-8"?>
<!-- Generated by org.testng.reporters.JUnitXMLReporter -->
<testsuite ignored="0" hostname="DESKTOP-BGFFPME" failures="1" tests="3" name="Test" time="0.249" errors="0" timestamp="2023-05-24T14:58:36 IST">
  <testcase classname="Demo1.Listenermain" name="test1" time="0.029"/>
  <testcase classname="Demo1.Listenermain" name="test2" time="0.012">
    <failure type="java.lang.AssertionError" message="null">
      <![CDATA[java.lang.AssertionError: null
at Demo1.Listenermain.test2(Listenermain.java:18)
at java.base/java.util.ArrayList.forEach(ArrayList.java:1511)
... Removed 29 stack frames]]>
    </failure>
  </testcase> <!-- test2 -->
  <testcase classname="Demo1.Listenermain" name="test3" time="0.0">
    <skipped/>
  </testcase> <!-- test3 -->
</testsuite> <!-- Test -->
